node.exe : warn The 
configuration property 
`package.json#prisma` 
is deprecated and will 
be removed in Prisma 
7. Please migrate to a 
Prisma config file 
(e.g., 
`prisma.config.ts`).
At line:1 char:1
+ & "C:\Program 
Files\nodejs/node.exe" 
"C:\Program 
Files\nodejs/node_mo 
...
+ ~~~~~~~~~~~~~~~~~~~~~
~~~~~~~~~~~~~~~~~~~~~~~
~~~~~~~~~~~~~~~~~~~~~~~
~~
    + CategoryInfo     
         : NotSpecifi  
  ed: (warn The conf   
 ig...ma.config.ts`    
).:String) [], Rem    
oteException
    + FullyQualifiedEr 
   rorId : NativeComm  
  andError
 
For more information, 
see: https://pris.ly/pr
isma-config

Environment variables 
loaded from .env
Prisma schema loaded from prisma\schema.prisma
Error: Prisma schema 
validation - (get-dmmf 
wasm)
Error code: P1012
[1;91merror[0m: 
[1mThe model "Bug" 
cannot be defined 
because a model with 
that name already 
exists.[0m
  [1;94m-->[0m  [4mp
risma\schema.prisma:264
[0m
[1;94m   | [0m
[1;94m263 | [0m}
[1;94m264 | [0mmodel 
[1;91mBug[0m {
[1;94m   | [0m

Validation Error 
Count: 1
[Context: getDmmf]

Prisma CLI Version : 
6.19.2
